app/build/intermediates/manifest_merge_blame_file/debug/manifest-merger-blame-debug-report.txt
1<?xml version="1.0" encoding="utf-8"?>
2<manifest xmlns:android="http://schemas.android.com/apk/res/android"
3    package="com.oren.taskofme"
4    android:installLocation="internalOnly"
5    android:versionCode="16"
6    android:versionName="1.1.4" > <!-- android:screenOrientation="nosensor" -->
7    <!--
8	<uses-permission android:name="android.permission.READ_SMS"/>
9	<uses-feature android:name="android.hardware.telephony" android:required="false" />
10	<uses-feature android:name="android.hardware.camera" />
11	<uses-feature android:name="android.hardware.autofocus" />
12    -->
13    <uses-sdk
13-->src\main\AndroidManifest.xml:40:1-69
14        android:minSdkVersion="21"
14-->src\main\AndroidManifest.xml:40:11-37
15        android:targetSdkVersion="26" />
15-->src\main\AndroidManifest.xml:40:38-67
16
17    <uses-permission android:name="android.permission.GET_ACCOUNT" />
17-->src\main\AndroidManifest.xml:7:6-71
17-->src\main\AndroidManifest.xml:7:23-68
18    <uses-permission android:name="android.permission.INTERNET" />
18-->src\main\AndroidManifest.xml:8:5-67
18-->src\main\AndroidManifest.xml:8:22-64
19    <uses-permission android:name="android.permission.ACCESS_NETWORK_STATE" />
19-->src\main\AndroidManifest.xml:9:2-76
19-->src\main\AndroidManifest.xml:9:19-73
20    <!-- <uses-permission android:name="android.permission.RECORD_AUDIO"/> -->
21    <uses-permission android:name="android.permission.WRITE_EXTERNAL_STORAGE" />
21-->src\main\AndroidManifest.xml:11:2-77
21-->src\main\AndroidManifest.xml:11:19-75
22    <uses-permission android:name="android.permission.VIBRATE" />
22-->src\main\AndroidManifest.xml:12:2-62
22-->src\main\AndroidManifest.xml:12:19-60
23    <!-- <uses-permission android:name="android.permission.CAMERA" /> -->
24    <uses-permission android:name="android.permission.READ_CALENDAR" />
24-->src\main\AndroidManifest.xml:14:2-68
24-->src\main\AndroidManifest.xml:14:19-66
25    <uses-permission android:name="android.permission.WRITE_CALENDAR" />
25-->src\main\AndroidManifest.xml:15:2-69
25-->src\main\AndroidManifest.xml:15:19-67
26    <!-- <uses-permission android:name="android.permission.ACCESS_FINE_LOCATION" /> -->
27    <uses-permission android:name="android.permission.WAKE_LOCK" />
27-->src\main\AndroidManifest.xml:17:2-65
27-->src\main\AndroidManifest.xml:17:19-62
28    <uses-permission android:name="android.permission.RECEIVE_BOOT_COMPLETED" />
28-->src\main\AndroidManifest.xml:18:2-78
28-->src\main\AndroidManifest.xml:18:19-75
29    <uses-permission android:name="android.permission.WRITE_SETTINGS" />
29-->src\main\AndroidManifest.xml:19:2-20:41
29-->src\main\AndroidManifest.xml:19:19-67
30    <uses-permission android:name="android.permission.DISABLE_KEYGUARD" />
30-->src\main\AndroidManifest.xml:21:2-71
30-->src\main\AndroidManifest.xml:21:19-69
31    <!-- <uses-permission android:name="android.permission.READ_PHONE_STATE"/> -->
32    <uses-permission android:name="android.permission.ACCESS_WIFI_STATE" />
32-->src\main\AndroidManifest.xml:23:2-73
32-->src\main\AndroidManifest.xml:23:19-70
33    <uses-permission android:name="com.android.vending.BILLING" />
33-->src\main\AndroidManifest.xml:24:2-63
33-->src\main\AndroidManifest.xml:24:19-61
34
35    <uses-feature
35-->src\main\AndroidManifest.xml:26:2-82
36        android:name="android.hardware.camera"
36-->src\main\AndroidManifest.xml:26:16-54
37        android:required="false" />
37-->src\main\AndroidManifest.xml:26:56-80
38    <uses-feature
38-->src\main\AndroidManifest.xml:27:2-85
39        android:name="android.hardware.autofocus"
39-->src\main\AndroidManifest.xml:27:16-57
40        android:required="false" />
40-->src\main\AndroidManifest.xml:27:59-83
41    <uses-feature
41-->src\main\AndroidManifest.xml:28:2-84
42        android:name="android.hardware.location"
42-->src\main\AndroidManifest.xml:28:16-56
43        android:required="false" />
43-->src\main\AndroidManifest.xml:28:58-82
44    <uses-feature
44-->src\main\AndroidManifest.xml:29:2-88
45        android:name="android.hardware.location.gps"
45-->src\main\AndroidManifest.xml:29:16-60
46        android:required="false" />
46-->src\main\AndroidManifest.xml:29:62-86
47    <uses-feature
47-->src\main\AndroidManifest.xml:30:2-80
48        android:name="android.hardware.wifi"
48-->src\main\AndroidManifest.xml:30:16-52
49        android:required="false" />
49-->src\main\AndroidManifest.xml:30:54-78
50    <uses-feature
50-->src\main\AndroidManifest.xml:31:2-85
51        android:name="android.hardware.telephony"
51-->src\main\AndroidManifest.xml:31:16-57
52        android:required="false" />
52-->src\main\AndroidManifest.xml:31:58-82
53    <uses-feature
53-->src\main\AndroidManifest.xml:32:3-80
54        android:name="android.hardware.sms"
54-->src\main\AndroidManifest.xml:32:17-52
55        android:required="false" />
55-->src\main\AndroidManifest.xml:32:54-78
56.
57
58    <!-- <intent-filter> -->
59    <!-- <action android:name="com.oren.action.CLICK" /> -->
60    <!-- </intent-filter> -->
61    <!-- Required by older versions of Google Play services to create GCM registration tokens -->
62    <uses-permission android:name="com.google.android.c2dm.permission.RECEIVE" />
62-->[com.google.android.gms:play-services-gcm:12.0.1] AndroidManifest.xml:23:5-82
62-->[com.google.android.gms:play-services-gcm:12.0.1] AndroidManifest.xml:23:22-79
63
64    <uses-feature
64-->[com.google.android.gms:play-services-maps:12.0.1] AndroidManifest.xml:26:5-28:35
65        android:glEsVersion="0x00020000"
65-->[com.google.android.gms:play-services-maps:12.0.1] AndroidManifest.xml:27:9-41
66        android:required="true" />
66-->[com.google.android.gms:play-services-maps:12.0.1] AndroidManifest.xml:28:9-32
67
68    <permission
68-->[com.google.firebase:firebase-iid:12.0.1] AndroidManifest.xml:28:5-30:47
69        android:name="com.oren.taskofme.permission.C2D_MESSAGE"
69-->[com.google.firebase:firebase-iid:12.0.1] AndroidManifest.xml:29:9-63
70        android:protectionLevel="signature" />
70-->[com.google.firebase:firebase-iid:12.0.1] AndroidManifest.xml:30:9-44
71
72    <uses-permission android:name="com.oren.taskofme.permission.C2D_MESSAGE" />
72-->[com.google.firebase:firebase-iid:12.0.1] AndroidManifest.xml:32:5-79
72-->[com.google.firebase:firebase-iid:12.0.1] AndroidManifest.xml:32:22-76
73
74    <application
74-->src\main\AndroidManifest.xml:42:2-240:19
75        android:allowBackup="true"
75-->src\main\AndroidManifest.xml:42:85-111
76        android:debuggable="true"
77        android:hardwareAccelerated="true"
77-->src\main\AndroidManifest.xml:42:112-146
78        android:icon="@drawable/ic_launcher"
78-->src\main\AndroidManifest.xml:42:15-51
79        android:label="@string/app_name"
79-->src\main\AndroidManifest.xml:42:52-84
80        android:testOnly="true" >
81
82        <!-- 광고버젼 -->
83        <activity
83-->src\main\AndroidManifest.xml:44:9-51:20
84            android:name="com.oren.taskofme.fmain"
84-->src\main\AndroidManifest.xml:44:19-40
85            android:configChanges="keyboardHidden|orientation|screenLayout|locale"
85-->src\main\AndroidManifest.xml:46:51-121
86            android:hardwareAccelerated="true"
86-->src\main\AndroidManifest.xml:46:122-156
87            android:label="@string/app_name"
87-->src\main\AndroidManifest.xml:44:41-73
88            android:launchMode="singleTop"
88-->src\main\AndroidManifest.xml:45:10-40
89            android:theme="@style/Theme.Transparent" >
89-->src\main\AndroidManifest.xml:46:10-50
90            <intent-filter>
90-->src\main\AndroidManifest.xml:47:13-50:29
91                <action android:name="android.intent.action.MAIN" />
91-->src\main\AndroidManifest.xml:48:17-69
91-->src\main\AndroidManifest.xml:48:25-66
92
93                <category android:name="android.intent.category.LAUNCHER" />
93-->src\main\AndroidManifest.xml:49:17-77
93-->src\main\AndroidManifest.xml:49:27-74
94            </intent-filter>
95        </activity>
96        <!-- 구매버젼 -->
97        <!-- <activity android:name="com.oren.mainActivity" android:label="@string/app_name" -->
98        <!-- android:launchMode="singleTop" -->
99        <!-- android:theme="@style/Theme.Transparent" android:configChanges="keyboardHidden|orientation"> -->
100        <!-- <intent-filter> -->
101        <!-- <action android:name="android.intent.action.MAIN" /> -->
102        <!-- <category android:name="android.intent.category.LAUNCHER" /> -->
103        <!-- </intent-filter> -->
104        <!-- </activity> -->
105        <!-- <activity android:name=".addTask" -->
106        <!-- android:theme="@android:style/Theme.Translucent.NoTitleBar" android:configChanges="keyboardHidden|orientation|locale"> -->
107        <!-- <intent-filter> -->
108        <!-- <category android:name="android.intent.category.LAUNCHER" /> -->
109        <!-- </intent-filter> -->
110        <!-- </activity> -->
111        <activity
111-->src\main\AndroidManifest.xml:67:9-72:20
112            android:name="com.oren.taskofme.Complete"
112-->src\main\AndroidManifest.xml:67:19-43
113            android:configChanges="keyboardHidden|orientation|locale"
113-->src\main\AndroidManifest.xml:68:70-127
114            android:theme="@android:style/Theme.Translucent.NoTitleBar" >
114-->src\main\AndroidManifest.xml:68:10-69
115            <intent-filter>
115-->src\main\AndroidManifest.xml:69:13-71:29
116                <category android:name="android.intent.category.LAUNCHER" />
116-->src\main\AndroidManifest.xml:49:17-77
116-->src\main\AndroidManifest.xml:49:27-74
117            </intent-filter>
118        </activity>
119        <activity
119-->src\main\AndroidManifest.xml:73:9-78:20
120            android:name="com.oren.taskofme.widjetConfig"
120-->src\main\AndroidManifest.xml:73:19-47
121            android:configChanges="keyboardHidden|orientation|locale"
121-->src\main\AndroidManifest.xml:74:70-127
122            android:theme="@android:style/Theme.Translucent.NoTitleBar" >
122-->src\main\AndroidManifest.xml:74:10-69
123            <intent-filter>
123-->src\main\AndroidManifest.xml:69:13-71:29
124                <category android:name="android.intent.category.LAUNCHER" />
124-->src\main\AndroidManifest.xml:49:17-77
124-->src\main\AndroidManifest.xml:49:27-74
125            </intent-filter>
126        </activity>
127        <activity
127-->src\main\AndroidManifest.xml:79:9-84:20
128            android:name="com.oren.taskofme.fsub1"
128-->src\main\AndroidManifest.xml:79:19-40
129            android:configChanges="keyboardHidden|orientation|locale"
129-->src\main\AndroidManifest.xml:79:74-131
130            android:label="@string/app_name"
130-->src\main\AndroidManifest.xml:79:41-73
131            android:launchMode="singleTop"
131-->src\main\AndroidManifest.xml:80:54-84
132            android:theme="@style/Theme.Transparent" >
132-->src\main\AndroidManifest.xml:80:13-53
133            <intent-filter>
133-->src\main\AndroidManifest.xml:69:13-71:29
134                <category android:name="android.intent.category.LAUNCHER" />
134-->src\main\AndroidManifest.xml:49:17-77
134-->src\main\AndroidManifest.xml:49:27-74
135            </intent-filter>
136        </activity>
137        <activity
137-->src\main\AndroidManifest.xml:85:9-88:20
138            android:name="com.oren.taskofme.history"
138-->src\main\AndroidManifest.xml:85:19-42
139            android:configChanges="orientation|keyboardHidden"
139-->src\main\AndroidManifest.xml:87:10-60
140            android:label="@string/app_name"
140-->src\main\AndroidManifest.xml:86:13-45
141            android:theme="@style/Theme.Transparent" >
141-->src\main\AndroidManifest.xml:87:61-101
142        </activity>
143        <activity
143-->src\main\AndroidManifest.xml:89:9-92:20
144            android:name="com.oren.taskofme.others_old"
144-->src\main\AndroidManifest.xml:89:19-45
145            android:configChanges="orientation|keyboardHidden|locale"
145-->src\main\AndroidManifest.xml:90:46-103
146            android:label="@string/app_name"
146-->src\main\AndroidManifest.xml:90:13-45
147            android:theme="@style/Theme.Transparent" >
147-->src\main\AndroidManifest.xml:91:10-50
148        </activity>
149        <activity
149-->src\main\AndroidManifest.xml:93:9-96:20
150            android:name="com.oren.taskofme.memo"
150-->src\main\AndroidManifest.xml:93:19-39
151            android:configChanges="orientation|keyboardHidden|locale"
151-->src\main\AndroidManifest.xml:94:46-103
152            android:label="@string/app_name"
152-->src\main\AndroidManifest.xml:94:13-45
153            android:theme="@style/Theme.Transparent" >
153-->src\main\AndroidManifest.xml:95:10-50
154        </activity>
155        <activity
155-->src\main\AndroidManifest.xml:97:9-99:20
156            android:name="com.oren.taskofme.responseActi"
156-->src\main\AndroidManifest.xml:97:19-47
157            android:theme="@android:style/Theme.Translucent" >
157-->src\main\AndroidManifest.xml:98:13-61
158        </activity>
159        <activity android:name="com.oren.taskofme.config" />
159-->src\main\AndroidManifest.xml:100:9-44
159-->src\main\AndroidManifest.xml:100:19-41
160        <activity android:name="com.oren.taskofme.widget.ido_config" >
160-->src\main\AndroidManifest.xml:101:3-103:14
160-->src\main\AndroidManifest.xml:101:13-46
161            <intent-filter>
161-->src\main\AndroidManifest.xml:102:7-108
162                <action android:name="android.appwidget.action.APPWIDGET_CONFIGURE" />
162-->src\main\AndroidManifest.xml:102:22-92
162-->src\main\AndroidManifest.xml:102:30-89
163            </intent-filter>
164        </activity>
165
166        <!-- 알람 처리  com.oren.taskofme.alarmclock/alarm -->
167        <provider
167-->src\main\AndroidManifest.xml:106:3-143
168            android:name="com.oren.taskofme.alram.AlarmProvider"
168-->src\main\AndroidManifest.xml:106:38-90
169            android:authorities="com.oren.taskofme.alarmclock"
169-->src\main\AndroidManifest.xml:106:91-141
170            android:exported="false" />
170-->src\main\AndroidManifest.xml:106:13-37
171
172        <service
172-->src\main\AndroidManifest.xml:107:3-112:13
173            android:name="com.oren.taskofme.alram.AlarmKlaxon"
173-->src\main\AndroidManifest.xml:107:12-62
174            android:enabled="true"
174-->src\main\AndroidManifest.xml:108:7-29
175            android:exported="true"
175-->src\main\AndroidManifest.xml:108:30-53
176            android:permission="com.oren.taskofme.alram.alarmclock.ALARM_ALERT" >
176-->src\main\AndroidManifest.xml:107:63-130
177            <intent-filter>
177-->src\main\AndroidManifest.xml:109:4-111:20
178                <action android:name="com.oren.taskofme.alram.alarmclock.ALARM_ALERT" />
178-->src\main\AndroidManifest.xml:110:5-76
178-->src\main\AndroidManifest.xml:110:13-74
179            </intent-filter>
180        </service>
181
182        <receiver
182-->src\main\AndroidManifest.xml:113:3-119:20
183            android:name="com.oren.taskofme.alram.AlarmReceiver"
183-->src\main\AndroidManifest.xml:113:13-65
184            android:permission="com.oren.taskofme.alram.alarmclock.ALARM_ALERT" >
184-->src\main\AndroidManifest.xml:113:66-133
185            <intent-filter>
185-->src\main\AndroidManifest.xml:114:7-118:26
186                <action android:name="com.oren.taskofme.alram.alarmclock.ALARM_ALERT" />
186-->src\main\AndroidManifest.xml:110:5-76
186-->src\main\AndroidManifest.xml:110:13-74
187                <action android:name="alarm_killed" />
187-->src\main\AndroidManifest.xml:116:5-42
187-->src\main\AndroidManifest.xml:116:13-40
188                <action android:name="cancel_snooze" />
188-->src\main\AndroidManifest.xml:117:5-43
188-->src\main\AndroidManifest.xml:117:13-41
189            </intent-filter>
190        </receiver>
191        <receiver android:name="com.oren.taskofme.alram.AlarmInitReceiver" >
191-->src\main\AndroidManifest.xml:120:9-126:14
191-->src\main\AndroidManifest.xml:120:19-75
192            <intent-filter>
192-->src\main\AndroidManifest.xml:121:4-125:20
193                <action android:name="android.intent.action.BOOT_COMPLETED" />
193-->src\main\AndroidManifest.xml:122:5-66
193-->src\main\AndroidManifest.xml:122:13-64
194                <action android:name="android.intent.action.TIME_SET" />
194-->src\main\AndroidManifest.xml:123:5-60
194-->src\main\AndroidManifest.xml:123:13-58
195                <action android:name="android.intent.action.TIMEZONE_CHANGED" />
195-->src\main\AndroidManifest.xml:124:5-68
195-->src\main\AndroidManifest.xml:124:13-66
196            </intent-filter>
197        </receiver>
198
199        <activity
199-->src\main\AndroidManifest.xml:127:3-128:147
200            android:name="com.oren.taskofme.alram.AlarmAlert"
200-->src\main\AndroidManifest.xml:127:13-62
201            android:configChanges="orientation|keyboardHidden|keyboard|navigation|locale"
201-->src\main\AndroidManifest.xml:128:68-145
202            android:excludeFromRecents="true"
202-->src\main\AndroidManifest.xml:127:63-96
203            android:launchMode="singleInstance"
203-->src\main\AndroidManifest.xml:128:8-43
204            android:taskAffinity=""
204-->src\main\AndroidManifest.xml:128:44-67
205            android:theme="@style/alarm_alert" />
205-->src\main\AndroidManifest.xml:127:97-131
206        <activity
206-->src\main\AndroidManifest.xml:129:3-131:87
207            android:name="com.oren.taskofme.alram.AlarmAlertFullScreen"
207-->src\main\AndroidManifest.xml:129:13-72
208            android:configChanges="orientation|keyboardHidden|keyboard|navigation|locale"
208-->src\main\AndroidManifest.xml:131:8-85
209            android:excludeFromRecents="true"
209-->src\main\AndroidManifest.xml:129:73-106
210            android:launchMode="singleInstance"
210-->src\main\AndroidManifest.xml:130:56-91
211            android:taskAffinity=""
211-->src\main\AndroidManifest.xml:130:92-115
212            android:theme="@android:style/Theme.NoTitleBar" />
212-->src\main\AndroidManifest.xml:130:8-55
213        <activity
213-->src\main\AndroidManifest.xml:132:9-136:20
214            android:name="com.oren.taskofme.PopupActivity"
214-->src\main\AndroidManifest.xml:132:19-48
215            android:theme="@style/Theme.Transparent" >
215-->src\main\AndroidManifest.xml:132:49-89
216            <intent-filter>
216-->src\main\AndroidManifest.xml:69:13-71:29
217                <category android:name="android.intent.category.LAUNCHER" />
217-->src\main\AndroidManifest.xml:49:17-77
217-->src\main\AndroidManifest.xml:49:27-74
218            </intent-filter>
219        </activity>
220        <!--
221        <receiver android:name=".util.OneShotAlarm">
222   			<intent-filter>
223   			    <action android:name="android.intent.action.RECEIVE_BOOT_COMPLETED" />
224           		<action android:name="alarmmanager.app.ALARM_SERVICE" />
225        	</intent-filter>
226        </receiver>
227        -->
228        <receiver android:name="com.oren.taskofme.util.BackupAlarm" >
228-->src\main\AndroidManifest.xml:143:3-148:20
228-->src\main\AndroidManifest.xml:143:13-45
229            <intent-filter>
229-->src\main\AndroidManifest.xml:144:7-147:26
230                <action android:name="android.intent.action.RECEIVE_BOOT_COMPLETED" />
230-->src\main\AndroidManifest.xml:145:11-81
230-->src\main\AndroidManifest.xml:145:19-78
231                <action android:name="alarmmanager.app.ALARM_SERVICE" />
231-->src\main\AndroidManifest.xml:146:14-70
231-->src\main\AndroidManifest.xml:146:22-67
232            </intent-filter>
233        </receiver>
234        <receiver
234-->src\main\AndroidManifest.xml:150:3-153:14
235            android:name="com.oren.taskofme.widget.widget4x1_task"
235-->src\main\AndroidManifest.xml:150:13-50
236            android:exported="false"
236-->src\main\AndroidManifest.xml:150:92-116
237            android:label="@string/app_name4x1_task" >
237-->src\main\AndroidManifest.xml:150:51-91
238            <intent-filter>
238-->src\main\AndroidManifest.xml:151:4-102
239                <action android:name="android.appwidget.action.APPWIDGET_UPDATE" />
239-->src\main\AndroidManifest.xml:151:19-86
239-->src\main\AndroidManifest.xml:151:27-83
240            </intent-filter>
241
242            <meta-data
242-->src\main\AndroidManifest.xml:152:4-98
243                android:name="android.appwidget.provider"
243-->src\main\AndroidManifest.xml:152:15-56
244                android:resource="@xml/widget4x1_task" />
244-->src\main\AndroidManifest.xml:152:57-95
245        </receiver>
246        <receiver
246-->src\main\AndroidManifest.xml:154:4-157:14
247            android:name="com.oren.taskofme.widget.widget4x1_calendar"
247-->src\main\AndroidManifest.xml:154:14-55
248            android:exported="false"
248-->src\main\AndroidManifest.xml:154:101-125
249            android:label="@string/app_name4x1_calendar" >
249-->src\main\AndroidManifest.xml:154:56-100
250            <intent-filter>
250-->src\main\AndroidManifest.xml:151:4-102
251                <action android:name="android.appwidget.action.APPWIDGET_UPDATE" />
251-->src\main\AndroidManifest.xml:151:19-86
251-->src\main\AndroidManifest.xml:151:27-83
252            </intent-filter>
253
254            <meta-data
254-->src\main\AndroidManifest.xml:152:4-98
255                android:name="android.appwidget.provider"
255-->src\main\AndroidManifest.xml:152:15-56
256                android:resource="@xml/widget4x1_calendar" />
256-->src\main\AndroidManifest.xml:152:57-95
257        </receiver>
258        <receiver
258-->src\main\AndroidManifest.xml:158:4-161:14
259            android:name="com.oren.taskofme.widget.widget4x2_calendar"
259-->src\main\AndroidManifest.xml:158:14-55
260            android:exported="false"
260-->src\main\AndroidManifest.xml:158:101-125
261            android:label="@string/app_name4x2_calendar" >
261-->src\main\AndroidManifest.xml:158:56-100
262            <intent-filter>
262-->src\main\AndroidManifest.xml:151:4-102
263                <action android:name="android.appwidget.action.APPWIDGET_UPDATE" />
263-->src\main\AndroidManifest.xml:151:19-86
263-->src\main\AndroidManifest.xml:151:27-83
264            </intent-filter>
265
266            <meta-data
266-->src\main\AndroidManifest.xml:152:4-98
267                android:name="android.appwidget.provider"
267-->src\main\AndroidManifest.xml:152:15-56
268                android:resource="@xml/widget4x2_calendar" />
268-->src\main\AndroidManifest.xml:152:57-95
269        </receiver>
270        <receiver
270-->src\main\AndroidManifest.xml:162:3-165:14
271            android:name="com.oren.taskofme.widget.widget5x2_calendar"
271-->src\main\AndroidManifest.xml:162:13-54
272            android:exported="false"
272-->src\main\AndroidManifest.xml:162:100-124
273            android:label="@string/app_name5x2_calendar" >
273-->src\main\AndroidManifest.xml:162:55-99
274            <intent-filter>
274-->src\main\AndroidManifest.xml:151:4-102
275                <action android:name="android.appwidget.action.APPWIDGET_UPDATE" />
275-->src\main\AndroidManifest.xml:151:19-86
275-->src\main\AndroidManifest.xml:151:27-83
276            </intent-filter>
277
278            <meta-data
278-->src\main\AndroidManifest.xml:152:4-98
279                android:name="android.appwidget.provider"
279-->src\main\AndroidManifest.xml:152:15-56
280                android:resource="@xml/widget5x2_calendar" />
280-->src\main\AndroidManifest.xml:152:57-95
281        </receiver>
282        <receiver
282-->src\main\AndroidManifest.xml:166:4-174:14
283            android:name="com.oren.taskofme.widget.widget4x3_calendar"
283-->src\main\AndroidManifest.xml:166:14-55
284            android:exported="false"
284-->src\main\AndroidManifest.xml:166:101-125
285            android:label="@string/app_name4x3_calendar" >
285-->src\main\AndroidManifest.xml:166:56-100
286            <intent-filter>
286-->src\main\AndroidManifest.xml:167:4-172:20
287                <action android:name="android.appwidget.action.APPWIDGET_UPDATE" />
287-->src\main\AndroidManifest.xml:151:19-86
287-->src\main\AndroidManifest.xml:151:27-83
288                <action android:name="wid4x3.now.CLICK" />
288-->src\main\AndroidManifest.xml:169:8-50
288-->src\main\AndroidManifest.xml:169:16-47
289                <action android:name="wid4x3.pf.CLICK" />
289-->src\main\AndroidManifest.xml:170:8-49
289-->src\main\AndroidManifest.xml:170:16-46
290                <action android:name="wid4x3.ff.CLICK" />
290-->src\main\AndroidManifest.xml:171:8-49
290-->src\main\AndroidManifest.xml:171:16-46
291            </intent-filter>
292
293            <meta-data
293-->src\main\AndroidManifest.xml:152:4-98
294                android:name="android.appwidget.provider"
294-->src\main\AndroidManifest.xml:152:15-56
295                android:resource="@xml/widget4x3_calendar" />
295-->src\main\AndroidManifest.xml:152:57-95
296        </receiver>
297        <receiver
297-->src\main\AndroidManifest.xml:175:4-183:14
298            android:name="com.oren.taskofme.widget.widget3x3_calendar"
298-->src\main\AndroidManifest.xml:175:14-55
299            android:exported="false"
299-->src\main\AndroidManifest.xml:175:101-125
300            android:label="@string/app_name3x3_calendar" >
300-->src\main\AndroidManifest.xml:175:56-100
301            <intent-filter>
301-->src\main\AndroidManifest.xml:176:4-181:20
302                <action android:name="android.appwidget.action.APPWIDGET_UPDATE" />
302-->src\main\AndroidManifest.xml:151:19-86
302-->src\main\AndroidManifest.xml:151:27-83
303                <action android:name="wid3x3.now.CLICK" />
303-->src\main\AndroidManifest.xml:178:8-50
303-->src\main\AndroidManifest.xml:178:16-47
304                <action android:name="wid3x3.pf.CLICK" />
304-->src\main\AndroidManifest.xml:179:8-49
304-->src\main\AndroidManifest.xml:179:16-46
305                <action android:name="wid3x3.ff.CLICK" />
305-->src\main\AndroidManifest.xml:180:8-49
305-->src\main\AndroidManifest.xml:180:16-46
306            </intent-filter>
307
308            <meta-data
308-->src\main\AndroidManifest.xml:152:4-98
309                android:name="android.appwidget.provider"
309-->src\main\AndroidManifest.xml:152:15-56
310                android:resource="@xml/widget3x3_calendar" />
310-->src\main\AndroidManifest.xml:152:57-95
311        </receiver>
312        <receiver
312-->src\main\AndroidManifest.xml:184:4-192:14
313            android:name="com.oren.taskofme.widget.widget4x4_calendar"
313-->src\main\AndroidManifest.xml:184:14-55
314            android:exported="false"
314-->src\main\AndroidManifest.xml:184:101-125
315            android:label="@string/app_name4x4_calendar" >
315-->src\main\AndroidManifest.xml:184:56-100
316            <intent-filter>
316-->src\main\AndroidManifest.xml:185:4-190:20
317                <action android:name="android.appwidget.action.APPWIDGET_UPDATE" />
317-->src\main\AndroidManifest.xml:151:19-86
317-->src\main\AndroidManifest.xml:151:27-83
318                <action android:name="wid4x4.now.CLICK" />
318-->src\main\AndroidManifest.xml:187:8-50
318-->src\main\AndroidManifest.xml:187:16-47
319                <action android:name="wid4x4.pf.CLICK" />
319-->src\main\AndroidManifest.xml:188:8-49
319-->src\main\AndroidManifest.xml:188:16-46
320                <action android:name="wid4x4.ff.CLICK" />
320-->src\main\AndroidManifest.xml:189:8-49
320-->src\main\AndroidManifest.xml:189:16-46
321            </intent-filter>
322
323            <meta-data
323-->src\main\AndroidManifest.xml:152:4-98
324                android:name="android.appwidget.provider"
324-->src\main\AndroidManifest.xml:152:15-56
325                android:resource="@xml/widget4x4_calendar" />
325-->src\main\AndroidManifest.xml:152:57-95
326        </receiver>
327        <receiver
327-->src\main\AndroidManifest.xml:193:4-201:14
328            android:name="com.oren.taskofme.widget.widget5x4_calendar"
328-->src\main\AndroidManifest.xml:193:14-55
329            android:exported="false"
329-->src\main\AndroidManifest.xml:193:101-125
330            android:label="@string/app_name5x4_calendar" >
330-->src\main\AndroidManifest.xml:193:56-100
331            <intent-filter>
331-->src\main\AndroidManifest.xml:194:4-199:20
332                <action android:name="android.appwidget.action.APPWIDGET_UPDATE" />
332-->src\main\AndroidManifest.xml:151:19-86
332-->src\main\AndroidManifest.xml:151:27-83
333                <action android:name="wid5x4.now.CLICK" />
333-->src\main\AndroidManifest.xml:196:8-50
333-->src\main\AndroidManifest.xml:196:16-47
334                <action android:name="wid5x4.pf.CLICK" />
334-->src\main\AndroidManifest.xml:197:8-49
334-->src\main\AndroidManifest.xml:197:16-46
335                <action android:name="wid5x4.ff.CLICK" />
335-->src\main\AndroidManifest.xml:198:8-49
335-->src\main\AndroidManifest.xml:198:16-46
336            </intent-filter>
337
338            <meta-data
338-->src\main\AndroidManifest.xml:152:4-98
339                android:name="android.appwidget.provider"
339-->src\main\AndroidManifest.xml:152:15-56
340                android:resource="@xml/widget5x4_calendar" />
340-->src\main\AndroidManifest.xml:152:57-95
341        </receiver>
342        <receiver
342-->src\main\AndroidManifest.xml:202:4-210:14
343            android:name="com.oren.taskofme.widget.widget5x5_calendar"
343-->src\main\AndroidManifest.xml:202:14-55
344            android:exported="false"
344-->src\main\AndroidManifest.xml:202:101-125
345            android:label="@string/app_name5x5_calendar" >
345-->src\main\AndroidManifest.xml:202:56-100
346            <intent-filter>
346-->src\main\AndroidManifest.xml:203:4-208:20
347                <action android:name="android.appwidget.action.APPWIDGET_UPDATE" />
347-->src\main\AndroidManifest.xml:151:19-86
347-->src\main\AndroidManifest.xml:151:27-83
348                <action android:name="wid5x5.now.CLICK" />
348-->src\main\AndroidManifest.xml:205:8-50
348-->src\main\AndroidManifest.xml:205:16-47